<?xml version="1.0" encoding="utf-8"?><testsuites name="pytest tests"><testsuite name="pytest" errors="0" failures="0" skipped="0" tests="3" time="0.101" timestamp="2026-08-27T16:49:31.359940+00:00" hostname="agent-env-dbe1056f-7ffb-4713-adbf-61d5f392b605"><testcase classname="backend.tests.test_health" name="test_health_endpoint" time="0.004" /><testcase classname="backend.tests.test_health" name="test_api_root" time="0.002" /><testcase classname="backend.tests.test_health" name="test_cors_headers" time="0.001" /></testsuite></testsuites>